[debug] [2020-12-15T00:03:03.912Z] ----------------------------------------------------------------------
[debug] [2020-12-15T00:03:03.915Z] Command:       C:\Program Files\nodejs\node.exe C:\Users\duran\AppData\Roaming\npm\node_modules\firebase-tools\lib\bin\firebase.js init
[debug] [2020-12-15T00:03:03.915Z] CLI Version:   8.18.0
[debug] [2020-12-15T00:03:03.915Z] Platform:      win32
[debug] [2020-12-15T00:03:03.915Z] Node Version:  v14.15.0
[debug] [2020-12-15T00:03:03.920Z] Time:          Mon Dec 14 2020 21:03:03 GMT-0300 (hora de verano de Chile)
[debug] [2020-12-15T00:03:03.920Z] ----------------------------------------------------------------------
[debug] [2020-12-15T00:03:03.920Z] 
[debug] [2020-12-15T00:03:03.924Z] >>> [apiv2][query] GET https://firebase-public.firebaseio.com/cli.json [none]
[debug] [2020-12-15T00:03:03.952Z] > command requires scopes: ["email","openid","https://www.googleapis.com/auth/cloudplatformprojects.readonly","https://www.googleapis.com/auth/firebase","https://www.googleapis.com/auth/cloud-platform"]
[debug] [2020-12-15T00:03:03.953Z] > authorizing via signed-in user
[info] 
     ######## #### ########  ######## ########     ###     ######  ########
     ##        ##  ##     ## ##       ##     ##  ##   ##  ##       ##
     ######    ##  ########  ######   ########  #########  ######  ######
     ##        ##  ##    ##  ##       ##     ## ##     ##       ## ##
     ##       #### ##     ## ######## ########  ##     ##  ######  ########

You're about to initialize a Firebase project in this directory:

  C:\Users\duran\Downloads\ejercicios_g3\vue\ejemplosAvanzados\usnado_vuetify

Before we get started, keep in mind:

  * You are initializing in an existing Firebase project directory

[debug] [2020-12-15T00:03:04.760Z] <<< [apiv2][status] GET https://firebase-public.firebaseio.com/cli.json 200
[debug] [2020-12-15T00:03:04.761Z] <<< [apiv2][body] GET https://firebase-public.firebaseio.com/cli.json {"cloudBuildErrorAfter":1594252800000,"cloudBuildWarnAfter":1590019200000,"defaultNode10After":1594252800000,"minVersion":"3.0.5","node8DeploysDisabledAfter":1613390400000,"node8RuntimeDisabledAfter":1615809600000,"node8WarnAfter":1600128000000}
